[debug] [2023-06-05T03:03:06.037Z] ----------------------------------------------------------------------
[debug] [2023-06-05T03:03:06.039Z] Command:       E:\Hack\node\node.exe C:\Users\Yu Oohama\AppData\Roaming\npm\node_modules\firebase-tools\lib\bin\firebase.js init
[debug] [2023-06-05T03:03:06.039Z] CLI Version:   12.0.1
[debug] [2023-06-05T03:03:06.039Z] Platform:      win32
[debug] [2023-06-05T03:03:06.040Z] Node Version:  v16.17.0
[debug] [2023-06-05T03:03:06.071Z] Time:          Mon Jun 05 2023 12:03:06 GMT+0900 (GMT+09:00)
[debug] [2023-06-05T03:03:06.072Z] ----------------------------------------------------------------------
[debug] 
[debug] [2023-06-05T03:03:06.083Z] >>> [apiv2][query] GET https://firebase-public.firebaseio.com/cli.json [none]
[debug] [2023-06-05T03:03:06.100Z] > command requires scopes: ["email","openid","https://www.googleapis.com/auth/cloudplatformprojects.readonly","https://www.googleapis.com/auth/firebase","https://www.googleapis.com/auth/cloud-platform"]
[debug] [2023-06-05T03:03:06.100Z] > authorizing via signed-in user (natsukaze.midori@gmail.com)
[info] 
     ######## #### ########  ######## ########     ###     ######  ########
     ##        ##  ##     ## ##       ##     ##  ##   ##  ##       ##
     ######    ##  ########  ######   ########  #########  ######  ######
     ##        ##  ##    ##  ##       ##     ## ##     ##       ## ##
     ##       #### ##     ## ######## ########  ##     ##  ######  ########

You're about to initialize a Firebase project in this directory:

  E:\Hack\hosting

[debug] [2023-06-05T03:03:06.691Z] <<< [apiv2][status] GET https://firebase-public.firebaseio.com/cli.json 200
[debug] [2023-06-05T03:03:06.691Z] <<< [apiv2][body] GET https://firebase-public.firebaseio.com/cli.json {"cloudBuildErrorAfter":1594252800000,"cloudBuildWarnAfter":1590019200000,"defaultNode10After":1594252800000,"minVersion":"3.0.5","node8DeploysDisabledAfter":1613390400000,"node8RuntimeDisabledAfter":1615809600000,"node8WarnAfter":1600128000000}
[info] 
=== Project Setup
[info] 
[info] First, let's associate this project directory with a Firebase project.
[info] You can create multiple project aliases by running firebase use --add, 
[info] but for now we'll just set up a default project.
[info] 
[info] i  If you want to create a project in a Google Cloud organization or folder, please use "firebase projects:create" instead, and return to this command when you've created the project. 
[debug] [2023-06-05T03:04:58.446Z] > refreshing access token with scopes: []
[debug] [2023-06-05T03:04:58.447Z] >>> [apiv2][query] POST https://www.googleapis.com/oauth2/v3/token [none]
[debug] [2023-06-05T03:04:58.447Z] >>> [apiv2][body] POST https://www.googleapis.com/oauth2/v3/token [omitted]
[debug] [2023-06-05T03:04:59.005Z] <<< [apiv2][status] POST https://www.googleapis.com/oauth2/v3/token 200
[debug] [2023-06-05T03:04:59.005Z] <<< [apiv2][body] POST https://www.googleapis.com/oauth2/v3/token [omitted]
[debug] [2023-06-05T03:04:59.016Z] >>> [apiv2][query] POST https://cloudresourcemanager.googleapis.com/v1/projects [none]
[debug] [2023-06-05T03:04:59.016Z] >>> [apiv2][body] POST https://cloudresourcemanager.googleapis.com/v1/projects {"projectId":"midori-design-studio-hosting","name":"hosting"}
[debug] [2023-06-05T03:04:59.839Z] <<< [apiv2][status] POST https://cloudresourcemanager.googleapis.com/v1/projects 200
[debug] [2023-06-05T03:04:59.839Z] <<< [apiv2][body] POST https://cloudresourcemanager.googleapis.com/v1/projects {"name":"operations/cp.6151852879688991413"}
[debug] [2023-06-05T03:04:59.840Z] >>> [apiv2][query] GET https://cloudresourcemanager.googleapis.com/v1/operations/cp.6151852879688991413 [none]
[debug] [2023-06-05T03:05:00.720Z] <<< [apiv2][status] GET https://cloudresourcemanager.googleapis.com/v1/operations/cp.6151852879688991413 200
[debug] [2023-06-05T03:05:00.720Z] <<< [apiv2][body] GET https://cloudresourcemanager.googleapis.com/v1/operations/cp.6151852879688991413 {"name":"operations/cp.6151852879688991413"}
[debug] [2023-06-05T03:05:01.221Z] [Project Creation Poller] Retrying task index 0
[debug] [2023-06-05T03:05:01.222Z] >>> [apiv2][query] GET https://cloudresourcemanager.googleapis.com/v1/operations/cp.6151852879688991413 [none]
[debug] [2023-06-05T03:05:02.076Z] <<< [apiv2][status] GET https://cloudresourcemanager.googleapis.com/v1/operations/cp.6151852879688991413 200
[debug] [2023-06-05T03:05:02.076Z] <<< [apiv2][body] GET https://cloudresourcemanager.googleapis.com/v1/operations/cp.6151852879688991413 {"name":"operations/cp.6151852879688991413","metadata":{"@type":"type.googleapis.com/google.cloudresourcemanager.v1.ProjectCreationStatus","gettable":true}}
[debug] [2023-06-05T03:05:03.077Z] [Project Creation Poller] Retrying task index 0
[debug] [2023-06-05T03:05:03.077Z] >>> [apiv2][query] GET https://cloudresourcemanager.googleapis.com/v1/operations/cp.6151852879688991413 [none]
[debug] [2023-06-05T03:05:03.962Z] <<< [apiv2][status] GET https://cloudresourcemanager.googleapis.com/v1/operations/cp.6151852879688991413 200
[debug] [2023-06-05T03:05:03.962Z] <<< [apiv2][body] GET https://cloudresourcemanager.googleapis.com/v1/operations/cp.6151852879688991413 {"name":"operations/cp.6151852879688991413","metadata":{"@type":"type.googleapis.com/google.cloudresourcemanager.v1.ProjectCreationStatus","gettable":true,"ready":true},"done":true,"response":{"@type":"type.googleapis.com/google.cloudresourcemanager.v1.Project","projectNumber":"839975504279","projectId":"midori-design-studio-hosting","lifecycleState":"ACTIVE","name":"hosting","createTime":"2023-06-05T03:05:02.425Z"}}
[debug] [2023-06-05T03:05:03.964Z] >>> [apiv2][query] POST https://firebase.googleapis.com/v1beta1/projects/midori-design-studio-hosting:addFirebase [none]
[debug] [2023-06-05T03:05:07.955Z] <<< [apiv2][status] POST https://firebase.googleapis.com/v1beta1/projects/midori-design-studio-hosting:addFirebase 200
[debug] [2023-06-05T03:05:07.955Z] <<< [apiv2][body] POST https://firebase.googleapis.com/v1beta1/projects/midori-design-studio-hosting:addFirebase {"name":"operations/workflows/ZGNmZTQwODctMjdkNS00ZDcwLWFkNDgtY2YxYmE4YWEzYzk0"}
[debug] [2023-06-05T03:05:07.955Z] >>> [apiv2][query] GET https://firebase.googleapis.com/v1beta1/operations/workflows/ZGNmZTQwODctMjdkNS00ZDcwLWFkNDgtY2YxYmE4YWEzYzk0 [none]
[debug] [2023-06-05T03:05:08.864Z] <<< [apiv2][status] GET https://firebase.googleapis.com/v1beta1/operations/workflows/ZGNmZTQwODctMjdkNS00ZDcwLWFkNDgtY2YxYmE4YWEzYzk0 200
[debug] [2023-06-05T03:05:08.864Z] <<< [apiv2][body] GET https://firebase.googleapis.com/v1beta1/operations/workflows/ZGNmZTQwODctMjdkNS00ZDcwLWFkNDgtY2YxYmE4YWEzYzk0 {"name":"operations/workflows/ZGNmZTQwODctMjdkNS00ZDcwLWFkNDgtY2YxYmE4YWEzYzk0"}
[debug] [2023-06-05T03:05:09.364Z] [Add Firebase Poller] Retrying task index 0
[debug] [2023-06-05T03:05:09.364Z] >>> [apiv2][query] GET https://firebase.googleapis.com/v1beta1/operations/workflows/ZGNmZTQwODctMjdkNS00ZDcwLWFkNDgtY2YxYmE4YWEzYzk0 [none]
[debug] [2023-06-05T03:05:10.277Z] <<< [apiv2][status] GET https://firebase.googleapis.com/v1beta1/operations/workflows/ZGNmZTQwODctMjdkNS00ZDcwLWFkNDgtY2YxYmE4YWEzYzk0 200
[debug] [2023-06-05T03:05:10.277Z] <<< [apiv2][body] GET https://firebase.googleapis.com/v1beta1/operations/workflows/ZGNmZTQwODctMjdkNS00ZDcwLWFkNDgtY2YxYmE4YWEzYzk0 {"name":"operations/workflows/ZGNmZTQwODctMjdkNS00ZDcwLWFkNDgtY2YxYmE4YWEzYzk0"}
[debug] [2023-06-05T03:05:11.277Z] [Add Firebase Poller] Retrying task index 0
[debug] [2023-06-05T03:05:11.277Z] >>> [apiv2][query] GET https://firebase.googleapis.com/v1beta1/operations/workflows/ZGNmZTQwODctMjdkNS00ZDcwLWFkNDgtY2YxYmE4YWEzYzk0 [none]
[debug] [2023-06-05T03:05:12.463Z] <<< [apiv2][status] GET https://firebase.googleapis.com/v1beta1/operations/workflows/ZGNmZTQwODctMjdkNS00ZDcwLWFkNDgtY2YxYmE4YWEzYzk0 200
[debug] [2023-06-05T03:05:12.464Z] <<< [apiv2][body] GET https://firebase.googleapis.com/v1beta1/operations/workflows/ZGNmZTQwODctMjdkNS00ZDcwLWFkNDgtY2YxYmE4YWEzYzk0 {"name":"operations/workflows/ZGNmZTQwODctMjdkNS00ZDcwLWFkNDgtY2YxYmE4YWEzYzk0"}
[debug] [2023-06-05T03:05:14.465Z] [Add Firebase Poller] Retrying task index 0
[debug] [2023-06-05T03:05:14.465Z] >>> [apiv2][query] GET https://firebase.googleapis.com/v1beta1/operations/workflows/ZGNmZTQwODctMjdkNS00ZDcwLWFkNDgtY2YxYmE4YWEzYzk0 [none]
[debug] [2023-06-05T03:05:15.390Z] <<< [apiv2][status] GET https://firebase.googleapis.com/v1beta1/operations/workflows/ZGNmZTQwODctMjdkNS00ZDcwLWFkNDgtY2YxYmE4YWEzYzk0 200
[debug] [2023-06-05T03:05:15.390Z] <<< [apiv2][body] GET https://firebase.googleapis.com/v1beta1/operations/workflows/ZGNmZTQwODctMjdkNS00ZDcwLWFkNDgtY2YxYmE4YWEzYzk0 {"name":"operations/workflows/ZGNmZTQwODctMjdkNS00ZDcwLWFkNDgtY2YxYmE4YWEzYzk0"}
[debug] [2023-06-05T03:05:19.391Z] [Add Firebase Poller] Retrying task index 0
[debug] [2023-06-05T03:05:19.391Z] >>> [apiv2][query] GET https://firebase.googleapis.com/v1beta1/operations/workflows/ZGNmZTQwODctMjdkNS00ZDcwLWFkNDgtY2YxYmE4YWEzYzk0 [none]
[debug] [2023-06-05T03:05:20.095Z] <<< [apiv2][status] GET https://firebase.googleapis.com/v1beta1/operations/workflows/ZGNmZTQwODctMjdkNS00ZDcwLWFkNDgtY2YxYmE4YWEzYzk0 200
[debug] [2023-06-05T03:05:20.095Z] <<< [apiv2][body] GET https://firebase.googleapis.com/v1beta1/operations/workflows/ZGNmZTQwODctMjdkNS00ZDcwLWFkNDgtY2YxYmE4YWEzYzk0 {"name":"operations/workflows/ZGNmZTQwODctMjdkNS00ZDcwLWFkNDgtY2YxYmE4YWEzYzk0","done":true,"response":{"@type":"type.googleapis.com/google.firebase.service.v1beta1.FirebaseProject","projectId":"midori-design-studio-hosting","projectNumber":"839975504279","displayName":"hosting","name":"projects/midori-design-studio-hosting","resources":{"hostingSite":"midori-design-studio-hosting"}}}
[info] 
[info] === Your Firebase project is ready! ===
[info] 
[info] Project information:
[info]    - Project ID: midori-design-studio-hosting
[info]    - Project Name: hosting
[info] 
[info] Firebase console is available at
[info] https://console.firebase.google.com/project/midori-design-studio-hosting/overview
[info] i  Using project midori-design-studio-hosting (hosting) 
[info] 
=== Hosting Setup
[info] 
[info] Your public directory is the folder (relative to your project directory) that
[info] will contain Hosting assets to be uploaded with firebase deploy. If you
[info] have a build process for your assets, use your build's output directory.
[info] 
[info] +  Wrote public/404.html 
[debug] [2023-06-05T03:06:15.911Z] >>> [apiv2][query] GET https://www.gstatic.com/firebasejs/releases.json [none]
[debug] [2023-06-05T03:06:16.418Z] <<< [apiv2][status] GET https://www.gstatic.com/firebasejs/releases.json 200
[debug] [2023-06-05T03:06:16.418Z] <<< [apiv2][body] GET https://www.gstatic.com/firebasejs/releases.json {"current":{"version":"9.22.1","browserURL":"https://www.gstatic.com/firebasejs/9.22.1/firebase.js","packageURL":"https://www.gstatic.com/firebasejs/9.22.1/firebase.tgz"},"live":{"version":"9.22","browserURL":"https://www.gstatic.com/firebasejs/live/9.22/firebase.js","packageURL":"https://www.gstatic.com/firebasejs/live/9.22/firebase.tgz"},"components":{"analytics":"https://www.gstatic.com/firebasejs/9.22.1/firebase-analytics.js","app":"https://www.gstatic.com/firebasejs/9.22.1/firebase-app.js","app-check":"https://www.gstatic.com/firebasejs/9.22.1/firebase-app-check.js","auth":"https://www.gstatic.com/firebasejs/9.22.1/firebase-auth.js","auth/cordova":"https://www.gstatic.com/firebasejs/9.22.1/firebase-auth/cordova.js","auth/react-native":"https://www.gstatic.com/firebasejs/9.22.1/firebase-auth/react-native.js","functions":"https://www.gstatic.com/firebasejs/9.22.1/firebase-functions.js","firestore":"https://www.gstatic.com/firebasejs/9.22.1/firebase-firestore.js","firestore/lite":"https://www.gstatic.com/firebasejs/9.22.1/firebase-firestore/lite.js","installations":"https://www.gstatic.com/firebasejs/9.22.1/firebase-installations.js","storage":"https://www.gstatic.com/firebasejs/9.22.1/firebase-storage.js","performance":"https://www.gstatic.com/firebasejs/9.22.1/firebase-performance.js","remote-config":"https://www.gstatic.com/firebasejs/9.22.1/firebase-remote-config.js","messaging":"https://www.gstatic.com/firebasejs/9.22.1/firebase-messaging.js","messaging/sw":"https://www.gstatic.com/firebasejs/9.22.1/firebase-messaging/sw.js","database":"https://www.gstatic.com/firebasejs/9.22.1/firebase-database.js","firestore.memory":"https://www.gstatic.com/firebasejs/9.22.1/firebase-firestore.memory.js"}}
[info] +  Wrote public/index.html 
[info] 
[info] i  Didn't detect a .git folder. Assuming E:\Hack\hosting is the project root. 
[info] i  Authorizing with GitHub to upload your service account to a GitHub repository's secrets store. 
[info] 
[info] Visit this URL on this device to log in:
[info] https://github.com/login/oauth/authorize?client_id=89cf50f02ac6aaed3484&state=377175860&redirect_uri=http%3A%2F%2Flocalhost%3A9005&scope=read%3Auser%20repo%20public_repo
[info] 
[info] Waiting for authentication...
[debug] [2023-06-05T03:06:17.196Z] >>> [apiv2][query] POST https://github.com/login/oauth/access_token [none]
[debug] [2023-06-05T03:06:17.196Z] >>> [apiv2][body] POST https://github.com/login/oauth/access_token [stream]
[debug] [2023-06-05T03:06:17.471Z] <<< [apiv2][status] POST https://github.com/login/oauth/access_token 200
[debug] [2023-06-05T03:06:17.471Z] <<< [apiv2][body] POST https://github.com/login/oauth/access_token {"access_token":"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","token_type":"bearer","scope":"read:user,repo"}
[debug] [2023-06-05T03:06:17.479Z] >>> [apiv2][query] GET https://api.github.com/user [none]
[debug] [2023-06-05T03:06:18.148Z] <<< [apiv2][status] GET https://api.github.com/user 200
[debug] [2023-06-05T03:06:18.148Z] <<< [apiv2][body] GET https://api.github.com/user {"login":"natsuk4ze","id":50433979,"node_id":"MDQ6VXNlcjUwNDMzOTc5","avatar_url":"https://avatars.githubusercontent.com/u/50433979?v=4","gravatar_id":"","url":"https://api.github.com/users/natsuk4ze","html_url":"https://github.com/natsuk4ze","followers_url":"https://api.github.com/users/natsuk4ze/followers","following_url":"https://api.github.com/users/natsuk4ze/following{/other_user}","gists_url":"https://api.github.com/users/natsuk4ze/gists{/gist_id}","starred_url":"https://api.github.com/users/natsuk4ze/starred{/owner}{/repo}","subscriptions_url":"https://api.github.com/users/natsuk4ze/subscriptions","organizations_url":"https://api.github.com/users/natsuk4ze/orgs","repos_url":"https://api.github.com/users/natsuk4ze/repos","events_url":"https://api.github.com/users/natsuk4ze/events{/privacy}","received_events_url":"https://api.github.com/users/natsuk4ze/received_events","type":"User","site_admin":false,"name":"Midori","company":"@MidoriDesignStudio ","blog":"https://midoridesign.studio","location":"Tokyo","email":null,"hireable":null,"bio":"ðŸ“š ðŸ‘ ðŸŽ¨ ðŸ’» ðŸœ\r\n","twitter_username":null,"public_repos":6,"public_gists":0,"followers":1,"following":0,"created_at":"2019-05-09T03:23:17Z","updated_at":"2023-06-03T10:22:53Z","private_gists":0,"total_private_repos":22,"owned_private_repos":22,"disk_usage":2540329,"collaborators":0,"two_factor_authentication":true,"plan":{"name":"free","space":976562499,"collaborators":0,"private_repos":10000}}
[info] 
[info] +  Success! Logged into GitHub as natsuk4ze 
[info] 
